<?xml version="1.0" encoding="UTF-8"?>
<!-- Generated by org.testng.reporters.JUnitReportReporter -->
<testsuite hostname="WINDOWS-PEBUS7V" name="EncorDashboard.TestScripts.SaveCurrentView" tests="1" failures="0" timestamp="24 Mar 2019 15:58:54 GMT" time="108.555" errors="0">
  <testcase name="SaveView" time="108.555" classname="EncorDashboard.TestScripts.SaveCurrentView"/>
</testsuite> <!-- EncorDashboard.TestScripts.SaveCurrentView -->
