<?xml version="1.0" encoding="UTF-8"?>
<!-- Generated by org.testng.reporters.JUnitReportReporter -->
<testsuite hostname="WINDOWS-PEBUS7V" name="EncorDashboard.TestScripts.ChangeDashboard" tests="1" failures="0" timestamp="24 Mar 2019 15:58:54 GMT" time="122.711" errors="0">
  <testcase name="ChangeDashboard" time="122.711" classname="EncorDashboard.TestScripts.ChangeDashboard"/>
</testsuite> <!-- EncorDashboard.TestScripts.ChangeDashboard -->
