<?xml version="1.0" encoding="UTF-8"?>
<!-- Generated by org.testng.reporters.JUnitReportReporter -->
<testsuite hostname="WINDOWS-PEBUS7V" name="EncorDashboard.TestScripts.SetDashboardData" tests="1" failures="0" timestamp="24 Mar 2019 15:58:53 GMT" time="122.865" errors="0">
  <testcase name="UserAccess" time="122.865" classname="EncorDashboard.TestScripts.SetDashboardData"/>
</testsuite> <!-- EncorDashboard.TestScripts.SetDashboardData -->
