<?xml version="1.0" encoding="UTF-8"?>
<!-- Generated by org.testng.reporters.JUnitReportReporter -->
<testsuite hostname="WINDOWS-PEBUS7V" name="EncorDashboard.TestScripts.UserAccess" tests="1" failures="0" timestamp="24 Mar 2019 15:58:54 GMT" time="64.521" errors="0">
  <testcase name="UserAccess" time="64.521" classname="EncorDashboard.TestScripts.UserAccess"/>
</testsuite> <!-- EncorDashboard.TestScripts.UserAccess -->
