<?xml version="1.0" encoding="UTF-8"?>
<!-- Generated by org.testng.reporters.JUnitReportReporter -->
<testsuite hostname="WINDOWS-PEBUS7V" name="EncorDashboard.TestScripts.UserAdministration" tests="1" failures="0" timestamp="24 Mar 2019 15:58:54 GMT" time="68.696" errors="0">
  <testcase name="UserAdministration" time="68.696" classname="EncorDashboard.TestScripts.UserAdministration"/>
</testsuite> <!-- EncorDashboard.TestScripts.UserAdministration -->
